[debug] [2019-10-18T11:04:00.908Z] ----------------------------------------------------------------------
[debug] [2019-10-18T11:04:00.912Z] Command:       C:\Program Files\nodejs\node.exe C:\Users\thvan\AppData\Roaming\npm\node_modules\firebase-tools\lib\bin\firebase.js init
[debug] [2019-10-18T11:04:00.912Z] CLI Version:   7.6.1
[debug] [2019-10-18T11:04:00.912Z] Platform:      win32
[debug] [2019-10-18T11:04:00.912Z] Node Version:  v10.16.3
[debug] [2019-10-18T11:04:00.913Z] Time:          Fri Oct 18 2019 18:04:00 GMT+0700 (Indochina Time)
[debug] [2019-10-18T11:04:00.913Z] ----------------------------------------------------------------------
[debug] [2019-10-18T11:04:00.913Z] 
[debug] [2019-10-18T11:04:00.926Z] > command requires scopes: ["email","openid","https://www.googleapis.com/auth/cloudplatformprojects.readonly","https://www.googleapis.com/auth/firebase","https://www.googleapis.com/auth/cloud-platform"]
[debug] [2019-10-18T11:04:00.928Z] > authorizing via signed-in user
[info] 
     ######## #### ########  ######## ########     ###     ######  ########
     ##        ##  ##     ## ##       ##     ##  ##   ##  ##       ##
     ######    ##  ########  ######   ########  #########  ######  ######
     ##        ##  ##    ##  ##       ##     ## ##     ##       ## ##
     ##       #### ##     ## ######## ########  ##     ##  ######  ########

You're about to initialize a Firebase project in this directory:

  C:\Users\thvan\Pictures\OneDrive\Máy tính\Q&A\tailieu12

[info] 
=== Project Setup
[info] 
[info] First, let's associate this project directory with a Firebase project.
[info] You can create multiple project aliases by running firebase use --add, 
[info] but for now we'll just set up a default project.
[info] 
[debug] [2019-10-18T11:04:10.122Z] >>> HTTP REQUEST GET https://firebase.googleapis.com/v1beta1/projects?pageSize=100  
 
[debug] [2019-10-18T11:04:11.105Z] <<< HTTP RESPONSE 200
[debug] [2019-10-18T11:06:03.319Z] ----------------------------------------------------------------------
[debug] [2019-10-18T11:06:03.325Z] Command:       C:\Program Files\nodejs\node.exe C:\Users\thvan\AppData\Roaming\npm\node_modules\firebase-tools\lib\bin\firebase.js init
[debug] [2019-10-18T11:06:03.325Z] CLI Version:   7.6.1
[debug] [2019-10-18T11:06:03.325Z] Platform:      win32
[debug] [2019-10-18T11:06:03.325Z] Node Version:  v10.16.3
[debug] [2019-10-18T11:06:03.328Z] Time:          Fri Oct 18 2019 18:06:03 GMT+0700 (Indochina Time)
[debug] [2019-10-18T11:06:03.328Z] ----------------------------------------------------------------------
[debug] [2019-10-18T11:06:03.328Z] 
[debug] [2019-10-18T11:06:03.350Z] > command requires scopes: ["email","openid","https://www.googleapis.com/auth/cloudplatformprojects.readonly","https://www.googleapis.com/auth/firebase","https://www.googleapis.com/auth/cloud-platform"]
[debug] [2019-10-18T11:06:03.352Z] > authorizing via signed-in user
[info] 
     ######## #### ########  ######## ########     ###     ######  ########
     ##        ##  ##     ## ##       ##     ##  ##   ##  ##       ##
     ######    ##  ########  ######   ########  #########  ######  ######
     ##        ##  ##    ##  ##       ##     ## ##     ##       ## ##
     ##       #### ##     ## ######## ########  ##     ##  ######  ########

You're about to initialize a Firebase project in this directory:

  C:\Users\thvan\Pictures\OneDrive\Máy tính\Q&A\tailieu12

[info] 
=== Project Setup
[info] 
[info] First, let's associate this project directory with a Firebase project.
[info] You can create multiple project aliases by running firebase use --add, 
[info] but for now we'll just set up a default project.
[info] 
[debug] [2019-10-18T11:08:15.486Z] >>> HTTP REQUEST GET https://firebase.googleapis.com/v1beta1/projects?pageSize=100  
 
[debug] [2019-10-18T11:08:16.340Z] <<< HTTP RESPONSE 200
[info] i  Using project apiweather-251315 (apiweather)
[info] 
=== Database Setup
[info] 
[info] Firebase Realtime Database Rules allow you to define how your data should be
[info] structured and when your data can be read from and written to.
[info] 
